Determining if the std::identity exist failed with the following output:
Change Dir: /home/omarjrad/dumux/Fluidics-network/build-cmake/CMakeFiles/CMakeTmp

Run Build Command(s):/usr/bin/gmake -f Makefile cmTC_796df/fast && /usr/bin/gmake  -f CMakeFiles/cmTC_796df.dir/build.make CMakeFiles/cmTC_796df.dir/build
gmake[1]: Entering directory '/home/omarjrad/dumux/Fluidics-network/build-cmake/CMakeFiles/CMakeTmp'
Building CXX object CMakeFiles/cmTC_796df.dir/CheckSymbolExists.cxx.o
/usr/bin/c++   -std=c++17   -fPIE -o CMakeFiles/cmTC_796df.dir/CheckSymbolExists.cxx.o -c /home/omarjrad/dumux/Fluidics-network/build-cmake/CMakeFiles/CMakeTmp/CheckSymbolExists.cxx
/home/omarjrad/dumux/Fluidics-network/build-cmake/CMakeFiles/CMakeTmp/CheckSymbolExists.cxx: In function ‘int main(int, char**)’:
/home/omarjrad/dumux/Fluidics-network/build-cmake/CMakeFiles/CMakeTmp/CheckSymbolExists.cxx:7:24: error: ‘identity’ is not a member of ‘std’
    7 |   return ((int*)(&std::identity))[argc];
      |                        ^~~~~~~~
gmake[1]: *** [CMakeFiles/cmTC_796df.dir/build.make:78: CMakeFiles/cmTC_796df.dir/CheckSymbolExists.cxx.o] Error 1
gmake[1]: Leaving directory '/home/omarjrad/dumux/Fluidics-network/build-cmake/CMakeFiles/CMakeTmp'
gmake: *** [Makefile:127: cmTC_796df/fast] Error 2


File /home/omarjrad/dumux/Fluidics-network/build-cmake/CMakeFiles/CMakeTmp/CheckSymbolExists.cxx:
/* */
#include <functional>

int main(int argc, char** argv)
{
  (void)argv;
  return ((int*)(&std::identity))[argc];
}
Performing C++ SOURCE FILE Test DUNE_HAVE_CXX_UNEVALUATED_CONTEXT_LAMBDA failed with the following output:
Change Dir: /home/omarjrad/dumux/Fluidics-network/build-cmake/CMakeFiles/CMakeTmp

Run Build Command(s):/usr/bin/gmake -f Makefile cmTC_80f21/fast && /usr/bin/gmake  -f CMakeFiles/cmTC_80f21.dir/build.make CMakeFiles/cmTC_80f21.dir/build
gmake[1]: Entering directory '/home/omarjrad/dumux/Fluidics-network/build-cmake/CMakeFiles/CMakeTmp'
Building CXX object CMakeFiles/cmTC_80f21.dir/src.cxx.o
/usr/bin/c++ -DDUNE_HAVE_CXX_UNEVALUATED_CONTEXT_LAMBDA  -std=c++17   -fPIE -o CMakeFiles/cmTC_80f21.dir/src.cxx.o -c /home/omarjrad/dumux/Fluidics-network/build-cmake/CMakeFiles/CMakeTmp/src.cxx
/home/omarjrad/dumux/Fluidics-network/build-cmake/CMakeFiles/CMakeTmp/src.cxx:1:20: error: lambda-expression in unevaluated context only available with ‘-std=c++20’ or ‘-std=gnu++20’
    1 | using F = decltype([](){}); int main() {return 0;}
      |                    ^
gmake[1]: *** [CMakeFiles/cmTC_80f21.dir/build.make:78: CMakeFiles/cmTC_80f21.dir/src.cxx.o] Error 1
gmake[1]: Leaving directory '/home/omarjrad/dumux/Fluidics-network/build-cmake/CMakeFiles/CMakeTmp'
gmake: *** [Makefile:127: cmTC_80f21/fast] Error 2


Source file was:
using F = decltype([](){}); int main() {return 0;}
Determining if the function sgemm_ exists failed with the following output:
Change Dir: /home/omarjrad/dumux/Fluidics-network/build-cmake/CMakeFiles/CMakeTmp

Run Build Command(s):/usr/bin/gmake -f Makefile cmTC_9792e/fast && /usr/bin/gmake  -f CMakeFiles/cmTC_9792e.dir/build.make CMakeFiles/cmTC_9792e.dir/build
gmake[1]: Entering directory '/home/omarjrad/dumux/Fluidics-network/build-cmake/CMakeFiles/CMakeTmp'
Building C object CMakeFiles/cmTC_9792e.dir/CheckFunctionExists.c.o
/usr/bin/cc   -DCHECK_FUNCTION_EXISTS=sgemm_ -fPIE -o CMakeFiles/cmTC_9792e.dir/CheckFunctionExists.c.o -c /usr/share/cmake-3.22/Modules/CheckFunctionExists.c
Linking C executable cmTC_9792e
/usr/bin/cmake -E cmake_link_script CMakeFiles/cmTC_9792e.dir/link.txt --verbose=1
/usr/bin/cc  -DCHECK_FUNCTION_EXISTS=sgemm_ CMakeFiles/cmTC_9792e.dir/CheckFunctionExists.c.o -o cmTC_9792e 
/usr/bin/ld: CMakeFiles/cmTC_9792e.dir/CheckFunctionExists.c.o: in function `main':
CheckFunctionExists.c:(.text+0x14): undefined reference to `sgemm_'
collect2: error: ld returned 1 exit status
gmake[1]: *** [CMakeFiles/cmTC_9792e.dir/build.make:99: cmTC_9792e] Error 1
gmake[1]: Leaving directory '/home/omarjrad/dumux/Fluidics-network/build-cmake/CMakeFiles/CMakeTmp'
gmake: *** [Makefile:127: cmTC_9792e/fast] Error 2



Determining location of GLPK failed:
Include directory: 
Library directory: 

Determining location of NLOPT failed:
Include directory: 
Library directory: 

Determining if the __cpp_lib_format exist failed with the following output:
Change Dir: /home/omarjrad/dumux/Fluidics-network/build-cmake/CMakeFiles/CMakeTmp

Run Build Command(s):/usr/bin/gmake -f Makefile cmTC_ceb5d/fast && /usr/bin/gmake  -f CMakeFiles/cmTC_ceb5d.dir/build.make CMakeFiles/cmTC_ceb5d.dir/build
gmake[1]: Entering directory '/home/omarjrad/dumux/Fluidics-network/build-cmake/CMakeFiles/CMakeTmp'
Building CXX object CMakeFiles/cmTC_ceb5d.dir/CheckSymbolExists.cxx.o
/usr/bin/c++   -std=c++17   -fPIE -o CMakeFiles/cmTC_ceb5d.dir/CheckSymbolExists.cxx.o -c /home/omarjrad/dumux/Fluidics-network/build-cmake/CMakeFiles/CMakeTmp/CheckSymbolExists.cxx
/home/omarjrad/dumux/Fluidics-network/build-cmake/CMakeFiles/CMakeTmp/CheckSymbolExists.cxx:2:10: fatal error: format: No such file or directory
    2 | #include <format>
      |          ^~~~~~~~
compilation terminated.
gmake[1]: *** [CMakeFiles/cmTC_ceb5d.dir/build.make:78: CMakeFiles/cmTC_ceb5d.dir/CheckSymbolExists.cxx.o] Error 1
gmake[1]: Leaving directory '/home/omarjrad/dumux/Fluidics-network/build-cmake/CMakeFiles/CMakeTmp'
gmake: *** [Makefile:127: cmTC_ceb5d/fast] Error 2


File /home/omarjrad/dumux/Fluidics-network/build-cmake/CMakeFiles/CMakeTmp/CheckSymbolExists.cxx:
/* */
#include <format>

int main(int argc, char** argv)
{
  (void)argv;
#ifndef __cpp_lib_format
  return ((int*)(&__cpp_lib_format))[argc];
#else
  (void)argc;
  return 0;
#endif
}
Determining location of GLPK failed:
Include directory: 
Library directory: 

Determining location of NLOPT failed:
Include directory: 
Library directory: 

Determining location of GLPK failed:
Include directory: 
Library directory: 

Determining location of NLOPT failed:
Include directory: 
Library directory: 

Determining location of GLPK failed:
Include directory: 
Library directory: 

Determining location of NLOPT failed:
Include directory: 
Library directory: 

Determining location of GLPK failed:
Include directory: 
Library directory: 

Determining location of NLOPT failed:
Include directory: 
Library directory: 

Determining location of GLPK failed:
Include directory: 
Library directory: 

Determining location of NLOPT failed:
Include directory: 
Library directory: 

Determining location of GLPK failed:
Include directory: 
Library directory: 

Determining location of NLOPT failed:
Include directory: 
Library directory: 

